<?xml version="1.0" encoding="UTF-8"?>
<testng-results ignored="0" total="3" passed="3" failed="0" skipped="0">
  <reporter-output>
  </reporter-output>
  <suite started-at="2026-05-05T14:50:42 IST" name="ICICI Suite" finished-at="2026-05-05T14:52:12 IST" duration-ms="90012">
    <groups>
    </groups>
    <test started-at="2026-05-05T14:50:42 IST" name="Insurance Tests" finished-at="2026-05-05T14:52:12 IST" duration-ms="90012">
      <class name="com.tests.TravelInsuranceTest">
        <test-method is-config="true" signature="setup()[pri:0, instance:com.tests.TravelInsuranceTest@47eaca72]" started-at="2026-05-05T14:51:51 IST" name="setup" finished-at="2026-05-05T14:51:54 IST" duration-ms="3562" status="PASS">
          <reporter-output>
          </reporter-output>
        </test-method> <!-- setup -->
        <test-method signature="testTravelInsuranceQuote()[pri:0, instance:com.tests.TravelInsuranceTest@47eaca72]" started-at="2026-05-05T14:51:54 IST" name="testTravelInsuranceQuote" finished-at="2026-05-05T14:52:12 IST" duration-ms="17733" status="PASS">
          <reporter-output>
          </reporter-output>
        </test-method> <!-- testTravelInsuranceQuote -->
      </class> <!-- com.tests.TravelInsuranceTest -->
      <class name="com.tests.CarInsuranceTest">
        <test-method is-config="true" signature="setup()[pri:0, instance:com.tests.CarInsuranceTest@7cc0cdad]" started-at="2026-05-05T14:50:42 IST" name="setup" finished-at="2026-05-05T14:50:47 IST" duration-ms="4720" status="PASS">
          <reporter-output>
          </reporter-output>
        </test-method> <!-- setup -->
        <test-method signature="testCarInsuranceErrorMessage()[pri:0, instance:com.tests.CarInsuranceTest@7cc0cdad]" started-at="2026-05-05T14:50:47 IST" name="testCarInsuranceErrorMessage" finished-at="2026-05-05T14:51:00 IST" duration-ms="13262" status="PASS">
          <reporter-output>
          </reporter-output>
        </test-method> <!-- testCarInsuranceErrorMessage -->
      </class> <!-- com.tests.CarInsuranceTest -->
      <class name="com.tests.HealthInsuranceTest">
        <test-method is-config="true" signature="setup()[pri:0, instance:com.tests.HealthInsuranceTest@1aafa419]" started-at="2026-05-05T14:51:00 IST" name="setup" finished-at="2026-05-05T14:51:04 IST" duration-ms="3719" status="PASS">
          <reporter-output>
          </reporter-output>
        </test-method> <!-- setup -->
        <test-method signature="testHealthInsuranceQuote()[pri:0, instance:com.tests.HealthInsuranceTest@1aafa419]" started-at="2026-05-05T14:51:04 IST" name="testHealthInsuranceQuote" finished-at="2026-05-05T14:51:51 IST" duration-ms="46916" status="PASS">
          <reporter-output>
          </reporter-output>
        </test-method> <!-- testHealthInsuranceQuote -->
      </class> <!-- com.tests.HealthInsuranceTest -->
    </test> <!-- Insurance Tests -->
  </suite> <!-- ICICI Suite -->
</testng-results>
