<?xml version="1.0" encoding="UTF-8"?>
<testng-results ignored="0" total="1" passed="1" failed="0" skipped="0">
  <reporter-output>
  </reporter-output>
  <suite started-at="2026-05-07T14:45:51 IST" name="Default suite" finished-at="2026-05-07T14:46:10 IST" duration-ms="19512">
    <groups>
    </groups>
    <test started-at="2026-05-07T14:45:51 IST" name="Default test" finished-at="2026-05-07T14:46:10 IST" duration-ms="19512">
      <class name="com.tests.HealthInsuranceTest">
        <test-method is-config="true" signature="setup()[pri:0, instance:com.tests.HealthInsuranceTest@73a1e9a9]" started-at="2026-05-07T14:45:51 IST" name="setup" finished-at="2026-05-07T14:45:53 IST" duration-ms="2757" status="PASS">
          <reporter-output>
          </reporter-output>
        </test-method> <!-- setup -->
        <test-method signature="testHealthInsuranceQuote()[pri:0, instance:com.tests.HealthInsuranceTest@73a1e9a9]" started-at="2026-05-07T14:45:53 IST" name="testHealthInsuranceQuote" finished-at="2026-05-07T14:46:10 IST" duration-ms="16681" status="PASS">
          <reporter-output>
          </reporter-output>
        </test-method> <!-- testHealthInsuranceQuote -->
      </class> <!-- com.tests.HealthInsuranceTest -->
    </test> <!-- Default test -->
  </suite> <!-- Default suite -->
</testng-results>
