<?xml version="1.0" encoding="UTF-8"?>
<!-- Generated by org.testng.reporters.JUnitXMLReporter -->
<testsuite ignored="0" hostname="LTIN699469" failures="0" tests="3" name="Insurance Tests" time="64.788" errors="0" timestamp="2026-05-07T15:47:30 IST">
  <testcase classname="com.tests.CarInsuranceTest" name="testCarInsuranceErrorMessage" time="9.701"/>
  <testcase classname="com.tests.HealthInsuranceTest" name="testHealthInsuranceQuote" time="24.86"/>
  <testcase classname="com.tests.TravelInsuranceTest" name="testTravelInsuranceQuote" time="21.343"/>
</testsuite> <!-- Insurance Tests -->
