<?xml version="1.0" encoding="UTF-8"?>
<!-- Generated by org.testng.reporters.JUnitXMLReporter -->
<testsuite ignored="0" hostname="LTIN699469" failures="0" tests="3" name="Insurance Tests" time="90.012" errors="0" timestamp="2026-05-05T14:52:12 IST">
  <testcase classname="com.tests.CarInsuranceTest" name="testCarInsuranceErrorMessage" time="13.262"/>
  <testcase classname="com.tests.HealthInsuranceTest" name="testHealthInsuranceQuote" time="46.916"/>
  <testcase classname="com.tests.TravelInsuranceTest" name="testTravelInsuranceQuote" time="17.733"/>
</testsuite> <!-- Insurance Tests -->
